I, [2024-11-18T22:39:22.487071 #77170]  INFO -- : Started application
I, [2024-11-18T22:42:55.733611 #77436]  INFO -- : User input: PLACE
I, [2024-11-18T22:42:56.745125 #77436]  INFO -- : User input: MOVE
I, [2024-11-18T22:42:57.582911 #77436]  INFO -- : User input: LEFT
I, [2024-11-18T22:43:55.150335 #77603]  INFO -- : User input: PLACE
I, [2024-11-18T22:45:02.448550 #77741]  INFO -- : User input: PLACE
W, [2024-11-18T22:45:02.448814 #77741]  WARN -- : User attempted to place robot out of bounds
I, [2024-11-18T22:46:52.249979 #78143]  INFO -- : User input: MOVE
I, [2024-11-18T22:46:58.932003 #78143]  INFO -- : User input: REPORT
W, [2024-11-18T22:46:58.932253 #78143]  WARN -- : Error from Robot: Robot must first be placed on the surface. Example, place 0, 0, east
I, [2024-11-18T22:47:16.670085 #78143]  INFO -- : User input: PLACE
I, [2024-11-18T22:47:18.344437 #78143]  INFO -- : User input: REPORT
I, [2024-11-18T22:47:26.303517 #78143]  INFO -- : User input: MOVE
I, [2024-11-18T22:47:28.248663 #78143]  INFO -- : User input: REPORT
I, [2024-11-18T22:47:29.872735 #78143]  INFO -- : User input: REPORT
I, [2024-11-18T22:47:30.769439 #78143]  INFO -- : User input: MOVE
I, [2024-11-18T22:47:31.839785 #78143]  INFO -- : User input: REPORT
I, [2024-11-18T22:47:33.057476 #78143]  INFO -- : User input: MOVE
I, [2024-11-18T22:47:33.921968 #78143]  INFO -- : User input: REPORT
I, [2024-11-18T22:47:34.865691 #78143]  INFO -- : User input: MOVE
I, [2024-11-18T22:47:35.741707 #78143]  INFO -- : User input: REPORT
I, [2024-11-18T22:47:38.159839 #78143]  INFO -- : User input: MOVE
I, [2024-11-18T22:47:39.030607 #78143]  INFO -- : User input: REPORT
I, [2024-11-18T23:05:49.294728 #80412]  INFO -- : User input: HELP
I, [2024-11-18T23:06:17.658795 #80470]  INFO -- : User input: HELP
I, [2024-11-18T23:06:19.569816 #80470]  INFO -- : User input: MOVE
I, [2024-11-18T23:06:20.318391 #80470]  INFO -- : User input: REPORT
W, [2024-11-18T23:06:20.318637 #80470]  WARN -- : Error from Robot: Robot must first be placed on the surface.
I, [2024-11-18T23:06:22.721768 #80470]  INFO -- : User input: HELP
I, [2024-11-18T23:06:35.046171 #80470]  INFO -- : User input: PLACE
I, [2024-11-18T23:06:37.710370 #80470]  INFO -- : User input: REPORT
I, [2024-11-18T23:06:38.979549 #80470]  INFO -- : User input: HELP
I, [2024-11-18T23:06:46.678749 #80470]  INFO -- : User input: MOVE
I, [2024-11-18T23:06:48.338159 #80470]  INFO -- : User input: REPORT
I, [2024-11-18T23:06:50.276982 #80470]  INFO -- : User input: MOVE
I, [2024-11-18T23:06:51.055196 #80470]  INFO -- : User input: MOVE
I, [2024-11-18T23:06:51.597053 #80470]  INFO -- : User input: MOVE
I, [2024-11-18T23:06:53.312093 #80470]  INFO -- : User input: REPORT
I, [2024-11-18T23:06:54.757744 #80470]  INFO -- : User input: MOVE
I, [2024-11-18T23:06:55.677112 #80470]  INFO -- : User input: REPORT
I, [2024-11-18T23:18:10.804446 #83134]  INFO -- : User input: PLACE
W, [2024-11-18T23:18:10.806920 #83134]  WARN -- : User attempted to place robot out of bounds
I, [2024-11-18T23:19:14.950485 #83266]  INFO -- : User input: PLACE
W, [2024-11-18T23:19:14.952320 #83266]  WARN -- : Error from Robot: Invalid direction, use either north, south, east, or west
I, [2024-11-18T23:21:05.139631 #83266]  INFO -- : User input: PLACE
W, [2024-11-18T23:21:05.142029 #83266]  WARN -- : Error from Robot: Invalid direction, use either north, south, east, or west
I, [2024-11-18T23:21:09.551636 #83266]  INFO -- : User input: PLACE
I, [2024-11-18T23:23:42.791202 #83700]  INFO -- : User input: PLACE
